<?xml version="1.0" encoding="UTF-8"?>
<!-- Generated by org.testng.reporters.JUnitReportReporter -->
<testsuite hostname="LAPTOP-FV687PP6" failures="0" tests="2" name="com.jyoti.Frame7" time="0.373" errors="0" timestamp="2023-10-06T22:04:41 IST" skipped="0">
  <testcase classname="com.jyoti.Frame7" name="findFrameTest" time="0.371"/>
  <system-out/>
  <testcase classname="com.jyoti.Frame7" name="findChildFrame" time="0.002"/>
  <system-out/>
</testsuite> <!-- com.jyoti.Frame7 -->
