<?xml version="1.0" encoding="UTF-8"?>
<testsuite xmlns:xsi="http://www.w3.org/2001/XMLSchema-instance" xsi:noNamespaceSchemaLocation="https://maven.apache.org/surefire/maven-surefire-plugin/xsd/surefire-test-report-3.0.xsd" version="3.0" name="testrunner.RunnerTest" time="1.061" tests="1" errors="0" skipped="0" failures="0">
  <properties>
    <property name="java.specification.version" value="19"/>
    <property name="sun.cpu.isalist" value="amd64"/>
    <property name="sun.jnu.encoding" value="Cp1252"/>
    <property name="java.class.path" value="D:\New_Workspace\bdd8979\target\test-classes;D:\New_Workspace\bdd8979\target\classes;D:\maven_repo\io\cucumber\cucumber-junit\7.11.0\cucumber-junit-7.11.0.jar;D:\maven_repo\org\apiguardian\apiguardian-api\1.1.2\apiguardian-api-1.1.2.jar;D:\maven_repo\io\cucumber\cucumber-core\7.11.0\cucumber-core-7.11.0.jar;D:\maven_repo\io\cucumber\cucumber-gherkin\7.11.0\cucumber-gherkin-7.11.0.jar;D:\maven_repo\io\cucumber\cucumber-gherkin-messages\7.11.0\cucumber-gherkin-messages-7.11.0.jar;D:\maven_repo\io\cucumber\gherkin\26.0.3\gherkin-26.0.3.jar;D:\maven_repo\io\cucumber\messages\21.0.1\messages-21.0.1.jar;D:\maven_repo\io\cucumber\tag-expressions\5.0.1\tag-expressions-5.0.1.jar;D:\maven_repo\io\cucumber\cucumber-expressions\16.1.1\cucumber-expressions-16.1.1.jar;D:\maven_repo\io\cucumber\datatable\7.11.0\datatable-7.11.0.jar;D:\maven_repo\io\cucumber\cucumber-plugin\7.11.0\cucumber-plugin-7.11.0.jar;D:\maven_repo\io\cucumber\docstring\7.11.0\docstring-7.11.0.jar;D:\maven_repo\io\cucumber\html-formatter\20.2.1\html-formatter-20.2.1.jar;D:\maven_repo\io\cucumber\junit-xml-formatter\0.1.0\junit-xml-formatter-0.1.0.jar;D:\maven_repo\io\cucumber\ci-environment\9.1.0\ci-environment-9.1.0.jar;D:\maven_repo\junit\junit\4.13.2\junit-4.13.2.jar;D:\maven_repo\org\hamcrest\hamcrest-core\1.3\hamcrest-core-1.3.jar;D:\maven_repo\io\cucumber\cucumber-java\7.11.0\cucumber-java-7.11.0.jar;"/>
    <property name="java.vm.vendor" value="Oracle Corporation"/>
    <property name="sun.arch.data.model" value="64"/>
    <property name="user.variant" value=""/>
    <property name="java.vendor.url" value="https://java.oracle.com/"/>
    <property name="user.timezone" value="Asia/Calcutta"/>
    <property name="os.name" value="Windows 11"/>
    <property name="java.vm.specification.version" value="19"/>
    <property name="sun.java.launcher" value="SUN_STANDARD"/>
    <property name="user.country" value="IN"/>
    <property name="sun.boot.library.path" value="C:\Program Files\Java\jdk-19\bin"/>
    <property name="sun.java.command" value="C:\Users\Jyoti\AppData\Local\Temp\surefire16911758965095360828\surefirebooter-20231002220727326_3.jar C:\Users\Jyoti\AppData\Local\Temp\surefire16911758965095360828 2023-10-02T22-07-26_988-jvmRun1 surefire-20231002220727326_1tmp surefire_0-20231002220727326_2tmp"/>
    <property name="jdk.debug" value="release"/>
    <property name="surefire.test.class.path" value="D:\New_Workspace\bdd8979\target\test-classes;D:\New_Workspace\bdd8979\target\classes;D:\maven_repo\io\cucumber\cucumber-junit\7.11.0\cucumber-junit-7.11.0.jar;D:\maven_repo\org\apiguardian\apiguardian-api\1.1.2\apiguardian-api-1.1.2.jar;D:\maven_repo\io\cucumber\cucumber-core\7.11.0\cucumber-core-7.11.0.jar;D:\maven_repo\io\cucumber\cucumber-gherkin\7.11.0\cucumber-gherkin-7.11.0.jar;D:\maven_repo\io\cucumber\cucumber-gherkin-messages\7.11.0\cucumber-gherkin-messages-7.11.0.jar;D:\maven_repo\io\cucumber\gherkin\26.0.3\gherkin-26.0.3.jar;D:\maven_repo\io\cucumber\messages\21.0.1\messages-21.0.1.jar;D:\maven_repo\io\cucumber\tag-expressions\5.0.1\tag-expressions-5.0.1.jar;D:\maven_repo\io\cucumber\cucumber-expressions\16.1.1\cucumber-expressions-16.1.1.jar;D:\maven_repo\io\cucumber\datatable\7.11.0\datatable-7.11.0.jar;D:\maven_repo\io\cucumber\cucumber-plugin\7.11.0\cucumber-plugin-7.11.0.jar;D:\maven_repo\io\cucumber\docstring\7.11.0\docstring-7.11.0.jar;D:\maven_repo\io\cucumber\html-formatter\20.2.1\html-formatter-20.2.1.jar;D:\maven_repo\io\cucumber\junit-xml-formatter\0.1.0\junit-xml-formatter-0.1.0.jar;D:\maven_repo\io\cucumber\ci-environment\9.1.0\ci-environment-9.1.0.jar;D:\maven_repo\junit\junit\4.13.2\junit-4.13.2.jar;D:\maven_repo\org\hamcrest\hamcrest-core\1.3\hamcrest-core-1.3.jar;D:\maven_repo\io\cucumber\cucumber-java\7.11.0\cucumber-java-7.11.0.jar;"/>
    <property name="sun.cpu.endian" value="little"/>
    <property name="user.home" value="C:\Users\Jyoti"/>
    <property name="user.language" value="en"/>
    <property name="java.specification.vendor" value="Oracle Corporation"/>
    <property name="java.version.date" value="2022-10-18"/>
    <property name="java.home" value="C:\Program Files\Java\jdk-19"/>
    <property name="file.separator" value="\"/>
    <property name="basedir" value="D:\New_Workspace\bdd8979"/>
    <property name="java.vm.compressedOopsMode" value="32-bit"/>
    <property name="line.separator" value="&#10;"/>
    <property name="java.vm.specification.vendor" value="Oracle Corporation"/>
    <property name="java.specification.name" value="Java Platform API Specification"/>
    <property name="surefire.real.class.path" value="C:\Users\Jyoti\AppData\Local\Temp\surefire16911758965095360828\surefirebooter-20231002220727326_3.jar"/>
    <property name="user.script" value=""/>
    <property name="sun.management.compiler" value="HotSpot 64-Bit Tiered Compilers"/>
    <property name="java.runtime.version" value="19.0.1+10-21"/>
    <property name="user.name" value="Jyoti"/>
    <property name="stdout.encoding" value="Cp1252"/>
    <property name="path.separator" value=";"/>
    <property name="os.version" value="10.0"/>
    <property name="java.runtime.name" value="Java(TM) SE Runtime Environment"/>
    <property name="file.encoding" value="UTF-8"/>
    <property name="java.vm.name" value="Java HotSpot(TM) 64-Bit Server VM"/>
    <property name="localRepository" value="D:\maven_repo"/>
    <property name="java.vendor.url.bug" value="https://bugreport.java.com/bugreport/"/>
    <property name="java.io.tmpdir" value="C:\Users\Jyoti\AppData\Local\Temp\"/>
    <property name="java.version" value="19.0.1"/>
    <property name="user.dir" value="D:\New_Workspace\bdd8979"/>
    <property name="os.arch" value="amd64"/>
    <property name="java.vm.specification.name" value="Java Virtual Machine Specification"/>
    <property name="sun.os.patch.level" value=""/>
    <property name="native.encoding" value="Cp1252"/>
    <property name="java.library.path" value="C:\Program Files\Java\jdk-19\bin;C:\WINDOWS\Sun\Java\bin;C:\WINDOWS\system32;C:\WINDOWS;C:\Program Files\Common Files\Oracle\Java\javapath;C:\WINDOWS\system32;C:\WINDOWS;C:\WINDOWS\System32\Wbem;C:\WINDOWS\System32\WindowsPowerShell\v1.0\;C:\WINDOWS\System32\OpenSSH\;C:\Program Files\Microsoft SQL Server\Client SDK\ODBC\170\Tools\Binn\;C:\Program Files (x86)\Microsoft SQL Server\150\Tools\Binn\;C:\Program Files\Microsoft SQL Server\150\Tools\Binn\;C:\Program Files\Microsoft SQL Server\150\DTS\Binn\;C:\Program Files (x86)\Microsoft SQL Server\150\DTS\Binn\;C:\Program Files\Azure Data Studio\bin;C:\Program Files\nodejs\;C:\Program Files\Git\cmd;C:\Users\Jyoti\apache-maven-3.9.4\bin;C:\Users\Jyoti\AppData\Local\Microsoft\WindowsApps;java-Home;C:\Users\Jyoti\AppData\Local\Programs\Microsoft VS Code\bin;C:\Users\Jyoti\AppData\Roaming\npm;C:\Users\Jyoti\AppData\Local\GitHubDesktop\bin;C:\Program Files\JetBrains\IntelliJ IDEA Community Edition 2023.2.2\bin;."/>
    <property name="java.vm.info" value="mixed mode, sharing"/>
    <property name="stderr.encoding" value="Cp1252"/>
    <property name="java.vendor" value="Oracle Corporation"/>
    <property name="java.vm.version" value="19.0.1+10-21"/>
    <property name="sun.io.unicode.encoding" value="UnicodeLittle"/>
    <property name="java.class.version" value="63.0"/>
  </properties>
  <testcase name="successful registration" classname="user registration" time="0.116">
    <system-out><![CDATA[
Scenario: successful registration          &amp#27;[90m# Allfeaturefile/jpg.feature:2&amp#27;[0m
  &amp#27;[32mGiven &amp#27;[0m&amp#27;[32mi am on the registration&amp#27;[0m           &amp#27;[90m# stepdefination.Step.i_am_on_the_registration()&amp#27;[0m
  &amp#27;[32mWhen &amp#27;[0m&amp#27;[32mi fill in the following information&amp#27;[0m &amp#27;[90m# stepdefination.Step.i_fill_in_the_following_information()&amp#27;[0m
  &amp#27;[32mAnd &amp#27;[0m&amp#27;[32mi click the "registration"button&amp#27;[0m     &amp#27;[90m# stepdefination.Step.i_click_the_registration_button()&amp#27;[0m
  &amp#27;[32mThen &amp#27;[0m&amp#27;[32mi should see sucess message&amp#27;[0m         &amp#27;[90m# stepdefination.Step.i_should_see_sucess_message()&amp#27;[0m
]]></system-out>
  </testcase>
</testsuite>